<?xml version="1.0" encoding="UTF-8"?>
<!-- Generated by org.testng.reporters.JUnitReportReporter -->
<testsuite hostname="ARUN" failures="0" tests="1" name="arunsjenkinsgithubday1begins.arunsjenkinsgithubday1beginssclass" time="0.008" errors="0" timestamp="2020-06-22T19:02:35 IST" skipped="0">
  <testcase classname="arunsjenkinsgithubday1begins.arunsjenkinsgithubday1beginssclass" name="getdata" time="0.008"/>
  <system-out/>
</testsuite> <!-- arunsjenkinsgithubday1begins.arunsjenkinsgithubday1beginssclass -->
