<?xml version="1.0" encoding="UTF-8"?>
<!-- Generated by org.testng.reporters.JUnitReportReporter -->
<testsuite hostname="ARUN" failures="0" tests="1" name="arunsjenkinsgithubday1begins.arunsjenkinsgithubday1beginss" time="0.009" errors="0" timestamp="2020-06-22T18:34:29 IST" skipped="0">
  <testcase classname="arunsjenkinsgithubday1begins.arunsjenkinsgithubday1beginss" name="getthisprinted" time="0.009"/>
  <system-out/>
</testsuite> <!-- arunsjenkinsgithubday1begins.arunsjenkinsgithubday1beginss -->
